#
# A fatal error has been detected by the Java Runtime Environment:
#
#  Internal Error (generateOopMap.cpp:2164), pid=66566, tid=19715
#  fatal error: Illegal class file encountered. Try running with -Xverify:all in method userDetailsService
#
# JRE version: Java(TM) SE Runtime Environment 18.9 (11.0.9+7) (build 11.0.9+7-LTS)
# Java VM: Java HotSpot(TM) 64-Bit Server VM 18.9 (11.0.9+7-LTS, mixed mode, tiered, compressed oops, g1 gc, bsd-amd64)
# No core dump will be written. Core dumps have been disabled. To enable core dumping, try "ulimit -c unlimited" before starting Java again
#
# If you would like to submit a bug report, please visit:
#   https://bugreport.java.com/bugreport/crash.jsp
#

---------------  S U M M A R Y ------------

Command Line: -agentlib:jdwp=transport=dt_socket,suspend=y,address=localhost:58313 -javaagent:/Users/apple/eclipse/java-2020-09/Eclipse.app/Contents/Eclipse/configuration/org.eclipse.osgi/209/0/.cp/lib/javaagent-shaded.jar -Dfile.encoding=UTF-8 com.techproed.apiToDeploy.ApiToDeployApplication

Host: iMac19,1 x86_64 3000 MHz, 6 cores, 8G, Darwin 19.6.0
Time: Fri Feb 12 12:38:47 2021 EST elapsed time: 5900.568705 seconds (0d 1h 38m 20s)

---------------  T H R E A D  ---------------

Current thread (0x00007f88d7848000):  VMThread "VM Thread" [stack: 0x0000700005197000,0x0000700005297000] [id=19715]

Stack: [0x0000700005197000,0x0000700005297000],  sp=0x0000700005295a40,  free space=1018k
Native frames: (J=compiled Java code, A=aot compiled Java code, j=interpreted, Vv=VM code, C=native code)
V  [libjvm.dylib+0x793fb2]  VMError::report_and_die(int, char const*, char const*, __va_list_tag*, Thread*, unsigned char*, void*, void*, char const*, int, unsigned long)+0x63c
V  [libjvm.dylib+0x794635]  VMError::report_and_die(Thread*, void*, char const*, int, char const*, char const*, __va_list_tag*)+0x47
V  [libjvm.dylib+0x2656f2]  report_fatal(char const*, int, char const*, ...)+0xb5
V  [libjvm.dylib+0x352043]  GenerateOopMap::error_work(char const*, __va_list_tag*)+0xeb
V  [libjvm.dylib+0x34f0f2]  GenerateOopMap::report_error(char const*, ...)+0x7c
V  [libjvm.dylib+0x351730]  GenerateOopMap::do_method(int, int, int, int)+0x11c
V  [libjvm.dylib+0x34fd77]  GenerateOopMap::interp_bb(BasicBlock*)+0xdb
V  [libjvm.dylib+0x34fa98]  GenerateOopMap::interp_all()+0x3c
V  [libjvm.dylib+0x34f749]  GenerateOopMap::do_interpretation()+0x4b
V  [libjvm.dylib+0x351e6f]  GenerateOopMap::compute_map(Thread*)+0x165
V  [libjvm.dylib+0x63a2de]  OopMapForCacheEntry::compute_map(Thread*)+0x54
V  [libjvm.dylib+0x63aac4]  OopMapCacheEntry::fill(methodHandle const&, int)+0xac
V  [libjvm.dylib+0x63b3f5]  OopMapCache::compute_one_oop_map(methodHandle const&, int, InterpreterOopMap*)+0x5d
V  [libjvm.dylib+0x5ffe40]  Method::mask_for(int, InterpreterOopMap*)+0x7e
V  [libjvm.dylib+0x50b369]  VM_GetOrSetLocal::doit()+0x45
V  [libjvm.dylib+0x79d483]  VM_Operation::evaluate()+0xd5
V  [libjvm.dylib+0x79ca90]  VMThread::evaluate_operation(VM_Operation*)+0x13a
V  [libjvm.dylib+0x79c4dd]  VMThread::loop()+0xed
V  [libjvm.dylib+0x79c303]  VMThread::run()+0x6f
V  [libjvm.dylib+0x73f4d8]  Thread::call_run()+0x68
V  [libjvm.dylib+0x643777]  thread_native_entry(Thread*)+0x139
C  [libsystem_pthread.dylib+0x6109]  _pthread_start+0x94
C  [libsystem_pthread.dylib+0x1b8b]  thread_start+0xf

VM_Operation (0x0000700005bb4a60): GetOrSetLocal, mode: safepoint, requested by thread 0x00007f88d7886800


---------------  P R O C E S S  ---------------

Threads class SMR info:
_java_thread_list=0x00007f88d952a060, length=22, elements={
0x00007f88d780a000, 0x00007f88d8808800, 0x00007f88d880d800, 0x00007f88d7025800,
0x00007f88d7018000, 0x00007f88d5014800, 0x00007f88d5015800, 0x00007f88d880f000,
0x00007f88d7886800, 0x00007f88d58b6000, 0x00007f88d8863000, 0x00007f88d78dc000,
0x00007f88d617b000, 0x00007f88d5206800, 0x00007f88d8a34000, 0x00007f88d8bb6000,
0x00007f88d7ad7000, 0x00007f88d6780800, 0x00007f88d51a3800, 0x00007f88d8d85000,
0x00007f88d6771000, 0x00007f88d65e0000
}

Java Threads: ( => current thread )
  0x00007f88d780a000 JavaThread "main" [_thread_blocked, id=5891, stack(0x0000700004b85000,0x0000700004c85000)]
  0x00007f88d8808800 JavaThread "Reference Handler" daemon [_thread_blocked, id=14851, stack(0x000070000529a000,0x000070000539a000)]
  0x00007f88d880d800 JavaThread "Finalizer" daemon [_thread_blocked, id=18947, stack(0x000070000539d000,0x000070000549d000)]
  0x00007f88d7025800 JavaThread "Signal Dispatcher" daemon [_thread_blocked, id=17411, stack(0x00007000055a6000,0x00007000056a6000)]
  0x00007f88d7018000 JavaThread "C2 CompilerThread0" daemon [_thread_blocked, id=21763, stack(0x00007000056a9000,0x00007000057a9000)]
  0x00007f88d5014800 JavaThread "C1 CompilerThread0" daemon [_thread_blocked, id=22275, stack(0x00007000057ac000,0x00007000058ac000)]
  0x00007f88d5015800 JavaThread "Sweeper thread" daemon [_thread_blocked, id=22787, stack(0x00007000058af000,0x00007000059af000)]
  0x00007f88d880f000 JavaThread "Common-Cleaner" daemon [_thread_blocked, id=42499, stack(0x00007000059b2000,0x0000700005ab2000)]
  0x00007f88d7886800 JavaThread "JDWP Transport Listener: dt_socket" daemon [_thread_blocked, id=41731, stack(0x0000700005ab5000,0x0000700005bb5000)] _threads_hazard_ptr=0x00007f88d952a060
  0x00007f88d58b6000 JavaThread "JDWP Event Helper Thread" daemon [_thread_blocked, id=41219, stack(0x0000700005bb8000,0x0000700005cb8000)]
  0x00007f88d8863000 JavaThread "JDWP Command Reader" daemon [_thread_in_native, id=40707, stack(0x0000700005cbb000,0x0000700005dbb000)]
  0x00007f88d78dc000 JavaThread "Service Thread" daemon [_thread_blocked, id=24067, stack(0x0000700005dbe000,0x0000700005ebe000)]
  0x00007f88d617b000 JavaThread "Thread-0" [_thread_blocked, id=25859, stack(0x00007000061ca000,0x00007000062ca000)]
  0x00007f88d5206800 JavaThread "restartedMain" [_thread_blocked, id=26371, stack(0x00007000062cd000,0x00007000063cd000)]
  0x00007f88d8a34000 JavaThread "Catalina-utility-1" [_thread_blocked, id=27147, stack(0x00007000063d0000,0x00007000064d0000)]
  0x00007f88d8bb6000 JavaThread "Catalina-utility-2" [_thread_blocked, id=37635, stack(0x00007000068df000,0x00007000069df000)]
  0x00007f88d7ad7000 JavaThread "container-0" [_thread_blocked, id=28419, stack(0x00007000069e2000,0x0000700006ae2000)]
  0x00007f88d6780800 JavaThread "Timer-0" daemon [_thread_blocked, id=37123, stack(0x0000700006ae5000,0x0000700006be5000)]
  0x00007f88d51a3800 JavaThread "oracle.jdbc.driver.BlockSource.ThreadedCachingBlockSource.BlockReleaser" daemon [_thread_blocked, id=29443, stack(0x0000700006be8000,0x0000700006ce8000)]
  0x00007f88d8d85000 JavaThread "InterruptTimer" daemon [_thread_blocked, id=36355, stack(0x0000700006ceb000,0x0000700006deb000)]
  0x00007f88d6771000 JavaThread "HikariPool-1 housekeeper" daemon [_thread_blocked, id=30471, stack(0x0000700006dee000,0x0000700006eee000)]
  0x00007f88d65e0000 JavaThread "Live Reload Server" daemon [_thread_in_native, id=35851, stack(0x0000700006ff4000,0x00007000070f4000)]

Other Threads:
=>0x00007f88d7848000 VMThread "VM Thread" [stack: 0x0000700005197000,0x0000700005297000] [id=19715]
  0x00007f88d6047800 WatcherThread [stack: 0x0000700005ec1000,0x0000700005fc1000] [id=24579]
  0x00007f88d7816800 GCTaskThread "GC Thread#0" [stack: 0x0000700004c88000,0x0000700004d88000] [id=21251]
  0x00007f88d512a800 GCTaskThread "GC Thread#1" [stack: 0x0000700005fc4000,0x00007000060c4000] [id=40195]
  0x00007f88d51cf800 GCTaskThread "GC Thread#2" [stack: 0x00007000060c7000,0x00007000061c7000] [id=39939]
  0x00007f88d5c07800 GCTaskThread "GC Thread#3" [stack: 0x00007000064d3000,0x00007000065d3000] [id=39171]
  0x00007f88d5a8c800 GCTaskThread "GC Thread#4" [stack: 0x00007000065d6000,0x00007000066d6000] [id=38659]
  0x00007f88d5d08000 GCTaskThread "GC Thread#5" [stack: 0x00007000066d9000,0x00007000067d9000] [id=38147]
  0x00007f88d7837800 ConcurrentGCThread "G1 Main Marker" [stack: 0x0000700004d8b000,0x0000700004e8b000] [id=12035]
  0x00007f88d580a800 ConcurrentGCThread "G1 Conc#0" [stack: 0x0000700004e8e000,0x0000700004f8e000] [id=12547]
  0x00007f88d7ace800 ConcurrentGCThread "G1 Conc#1" [stack: 0x00007000067dc000,0x00007000068dc000] [id=27395]
  0x00007f88d603e800 ConcurrentGCThread "G1 Refine#0" [stack: 0x0000700004f91000,0x0000700005091000] [id=13059]
  0x00007f88d603f000 ConcurrentGCThread "G1 Young RemSet Sampling" [stack: 0x0000700005094000,0x0000700005194000] [id=13315]

Threads with active compile tasks:

VM state:at safepoint (normal execution)

VM Mutex/Monitor currently owned by a thread:  ([mutex/lock_event])
[0x00007f88d4f08860] Threads_lock - owner thread: 0x00007f88d7848000

Heap address: 0x0000000780000000, size: 2048 MB, Compressed Oops mode: Zero based, Oop shift amount: 3
Narrow klass base: 0x0000000800000000, Narrow klass shift: 0
Compressed class space size: 1073741824 Address: 0x0000000800000000

Heap:
 garbage-first heap   total 157696K, used 75323K [0x0000000780000000, 0x0000000800000000)
  region size 1024K, 60 young (61440K), 8 survivors (8192K)
 Metaspace       used 67233K, capacity 68857K, committed 69020K, reserved 1110016K
  class space    used 8362K, capacity 8996K, committed 9036K, reserved 1048576K
Heap Regions: E=young(eden), S=young(survivor), O=old, HS=humongous(starts), HC=humongous(continues), CS=collection set, F=free, A=archive, TAMS=top-at-mark-start (previous, next)
|   0|0x0000000780000000, 0x0000000780100000, 0x0000000780100000|100%|HS|  |TAMS 0x0000000780100000, 0x0000000780000000| Complete 
|   1|0x0000000780100000, 0x0000000780200000, 0x0000000780200000|100%| O|  |TAMS 0x0000000780200000, 0x0000000780100000| Untracked 
|   2|0x0000000780200000, 0x0000000780300000, 0x0000000780300000|100%| O|  |TAMS 0x0000000780300000, 0x0000000780200000| Untracked 
|   3|0x0000000780300000, 0x0000000780400000, 0x0000000780400000|100%| O|  |TAMS 0x0000000780400000, 0x0000000780300000| Untracked 
|   4|0x0000000780400000, 0x0000000780500000, 0x0000000780500000|100%| O|  |TAMS 0x0000000780500000, 0x0000000780400000| Untracked 
|   5|0x0000000780500000, 0x0000000780600000, 0x0000000780600000|100%| O|  |TAMS 0x0000000780600000, 0x0000000780500000| Untracked 
|   6|0x0000000780600000, 0x0000000780700000, 0x0000000780700000|100%| O|  |TAMS 0x0000000780700000, 0x0000000780600000| Untracked 
|   7|0x0000000780700000, 0x0000000780800000, 0x0000000780800000|100%| O|  |TAMS 0x0000000780800000, 0x0000000780700000| Untracked 
|   8|0x0000000780800000, 0x0000000780900000, 0x0000000780900000|100%| O|  |TAMS 0x0000000780900000, 0x0000000780800000| Untracked 
|   9|0x0000000780900000, 0x0000000780a00000, 0x0000000780a00000|100%| O|  |TAMS 0x0000000780a00000, 0x0000000780900000| Untracked 
|  10|0x0000000780a00000, 0x0000000780b00000, 0x0000000780b00000|100%| O|  |TAMS 0x0000000780b00000, 0x0000000780a00000| Untracked 
|  11|0x0000000780b00000, 0x0000000780c00000, 0x0000000780c00000|100%| O|  |TAMS 0x0000000780c00000, 0x0000000780b00000| Untracked 
|  12|0x0000000780c00000, 0x0000000780d00000, 0x0000000780d00000|100%| O|  |TAMS 0x0000000780d00000, 0x0000000780c00000| Untracked 
|  13|0x0000000780d00000, 0x0000000780e00000, 0x0000000780e00000|100%| O|  |TAMS 0x0000000780d00000, 0x0000000780d00000| Untracked 
|  14|0x0000000780e00000, 0x0000000780ea6e00, 0x0000000780f00000| 65%| O|  |TAMS 0x0000000780e00000, 0x0000000780e00000| Untracked 
|  15|0x0000000780f00000, 0x0000000780f00000, 0x0000000781000000|  0%| F|  |TAMS 0x0000000780f00000, 0x0000000780f00000| Untracked 
|  16|0x0000000781000000, 0x0000000781000000, 0x0000000781100000|  0%| F|  |TAMS 0x0000000781000000, 0x0000000781000000| Untracked 
|  17|0x0000000781100000, 0x0000000781100000, 0x0000000781200000|  0%| F|  |TAMS 0x0000000781100000, 0x0000000781100000| Untracked 
|  18|0x0000000781200000, 0x0000000781200000, 0x0000000781300000|  0%| F|  |TAMS 0x0000000781200000, 0x0000000781200000| Untracked 
|  19|0x0000000781300000, 0x0000000781300000, 0x0000000781400000|  0%| F|  |TAMS 0x0000000781300000, 0x0000000781300000| Untracked 
|  20|0x0000000781400000, 0x0000000781400000, 0x0000000781500000|  0%| F|  |TAMS 0x0000000781400000, 0x0000000781400000| Untracked 
|  21|0x0000000781500000, 0x0000000781500000, 0x0000000781600000|  0%| F|  |TAMS 0x0000000781500000, 0x0000000781500000| Untracked 
|  22|0x0000000781600000, 0x0000000781600000, 0x0000000781700000|  0%| F|  |TAMS 0x0000000781600000, 0x0000000781600000| Untracked 
|  23|0x0000000781700000, 0x0000000781700000, 0x0000000781800000|  0%| F|  |TAMS 0x0000000781700000, 0x0000000781700000| Untracked 
|  24|0x0000000781800000, 0x0000000781800000, 0x0000000781900000|  0%| F|  |TAMS 0x0000000781800000, 0x0000000781800000| Untracked 
|  25|0x0000000781900000, 0x0000000781900000, 0x0000000781a00000|  0%| F|  |TAMS 0x0000000781900000, 0x0000000781900000| Untracked 
|  26|0x0000000781a00000, 0x0000000781a00000, 0x0000000781b00000|  0%| F|  |TAMS 0x0000000781a00000, 0x0000000781a00000| Untracked 
|  27|0x0000000781b00000, 0x0000000781b00000, 0x0000000781c00000|  0%| F|  |TAMS 0x0000000781b00000, 0x0000000781b00000| Untracked 
|  28|0x0000000781c00000, 0x0000000781c00000, 0x0000000781d00000|  0%| F|  |TAMS 0x0000000781c00000, 0x0000000781c00000| Untracked 
|  29|0x0000000781d00000, 0x0000000781d00000, 0x0000000781e00000|  0%| F|  |TAMS 0x0000000781d00000, 0x0000000781d00000| Untracked 
|  30|0x0000000781e00000, 0x0000000781e00000, 0x0000000781f00000|  0%| F|  |TAMS 0x0000000781e00000, 0x0000000781e00000| Untracked 
|  31|0x0000000781f00000, 0x0000000781f00000, 0x0000000782000000|  0%| F|  |TAMS 0x0000000781f00000, 0x0000000781f00000| Untracked 
|  32|0x0000000782000000, 0x0000000782000000, 0x0000000782100000|  0%| F|  |TAMS 0x0000000782000000, 0x0000000782000000| Untracked 
|  33|0x0000000782100000, 0x0000000782100000, 0x0000000782200000|  0%| F|  |TAMS 0x0000000782100000, 0x0000000782100000| Untracked 
|  34|0x0000000782200000, 0x0000000782200000, 0x0000000782300000|  0%| F|  |TAMS 0x0000000782200000, 0x0000000782200000| Untracked 
|  35|0x0000000782300000, 0x0000000782300000, 0x0000000782400000|  0%| F|  |TAMS 0x0000000782300000, 0x0000000782300000| Untracked 
|  36|0x0000000782400000, 0x0000000782400000, 0x0000000782500000|  0%| F|  |TAMS 0x0000000782400000, 0x0000000782400000| Untracked 
|  37|0x0000000782500000, 0x0000000782500000, 0x0000000782600000|  0%| F|  |TAMS 0x0000000782500000, 0x0000000782500000| Untracked 
|  38|0x0000000782600000, 0x0000000782600000, 0x0000000782700000|  0%| F|  |TAMS 0x0000000782600000, 0x0000000782600000| Untracked 
|  39|0x0000000782700000, 0x0000000782700000, 0x0000000782800000|  0%| F|  |TAMS 0x0000000782700000, 0x0000000782700000| Untracked 
|  40|0x0000000782800000, 0x0000000782800000, 0x0000000782900000|  0%| F|  |TAMS 0x0000000782800000, 0x0000000782800000| Untracked 
|  41|0x0000000782900000, 0x0000000782900000, 0x0000000782a00000|  0%| F|  |TAMS 0x0000000782900000, 0x0000000782900000| Untracked 
|  42|0x0000000782a00000, 0x0000000782a00000, 0x0000000782b00000|  0%| F|  |TAMS 0x0000000782a00000, 0x0000000782a00000| Untracked 
|  43|0x0000000782b00000, 0x0000000782b00000, 0x0000000782c00000|  0%| F|  |TAMS 0x0000000782b00000, 0x0000000782b00000| Untracked 
|  44|0x0000000782c00000, 0x0000000782c00000, 0x0000000782d00000|  0%| F|  |TAMS 0x0000000782c00000, 0x0000000782c00000| Untracked 
|  45|0x0000000782d00000, 0x0000000782d00000, 0x0000000782e00000|  0%| F|  |TAMS 0x0000000782d00000, 0x0000000782d00000| Untracked 
|  46|0x0000000782e00000, 0x0000000782e00000, 0x0000000782f00000|  0%| F|  |TAMS 0x0000000782e00000, 0x0000000782e00000| Untracked 
|  47|0x0000000782f00000, 0x0000000782f00000, 0x0000000783000000|  0%| F|  |TAMS 0x0000000782f00000, 0x0000000782f00000| Untracked 
|  48|0x0000000783000000, 0x0000000783000000, 0x0000000783100000|  0%| F|  |TAMS 0x0000000783000000, 0x0000000783000000| Untracked 
|  49|0x0000000783100000, 0x0000000783100000, 0x0000000783200000|  0%| F|  |TAMS 0x0000000783100000, 0x0000000783100000| Untracked 
|  50|0x0000000783200000, 0x0000000783200000, 0x0000000783300000|  0%| F|  |TAMS 0x0000000783200000, 0x0000000783200000| Untracked 
|  51|0x0000000783300000, 0x0000000783300000, 0x0000000783400000|  0%| F|  |TAMS 0x0000000783300000, 0x0000000783300000| Untracked 
|  52|0x0000000783400000, 0x0000000783400000, 0x0000000783500000|  0%| F|  |TAMS 0x0000000783400000, 0x0000000783400000| Untracked 
|  53|0x0000000783500000, 0x0000000783500000, 0x0000000783600000|  0%| F|  |TAMS 0x0000000783500000, 0x0000000783500000| Untracked 
|  54|0x0000000783600000, 0x00000007836e7ee0, 0x0000000783700000| 90%| S|CS|TAMS 0x0000000783600000, 0x0000000783600000| Complete 
|  55|0x0000000783700000, 0x0000000783800000, 0x0000000783800000|100%| S|CS|TAMS 0x0000000783700000, 0x0000000783700000| Complete 
|  56|0x0000000783800000, 0x0000000783900000, 0x0000000783900000|100%| S|CS|TAMS 0x0000000783800000, 0x0000000783800000| Complete 
|  57|0x0000000783900000, 0x0000000783a00000, 0x0000000783a00000|100%| S|CS|TAMS 0x0000000783900000, 0x0000000783900000| Complete 
|  58|0x0000000783a00000, 0x0000000783b00000, 0x0000000783b00000|100%| S|CS|TAMS 0x0000000783a00000, 0x0000000783a00000| Complete 
|  59|0x0000000783b00000, 0x0000000783c00000, 0x0000000783c00000|100%| S|CS|TAMS 0x0000000783b00000, 0x0000000783b00000| Complete 
|  60|0x0000000783c00000, 0x0000000783d00000, 0x0000000783d00000|100%| S|CS|TAMS 0x0000000783c00000, 0x0000000783c00000| Complete 
|  61|0x0000000783d00000, 0x0000000783e00000, 0x0000000783e00000|100%| S|CS|TAMS 0x0000000783d00000, 0x0000000783d00000| Complete 
|  62|0x0000000783e00000, 0x0000000783e00000, 0x0000000783f00000|  0%| F|  |TAMS 0x0000000783e00000, 0x0000000783e00000| Untracked 
|  63|0x0000000783f00000, 0x0000000783f00000, 0x0000000784000000|  0%| F|  |TAMS 0x0000000783f00000, 0x0000000783f00000| Untracked 
|  64|0x0000000784000000, 0x0000000784000000, 0x0000000784100000|  0%| F|  |TAMS 0x0000000784000000, 0x0000000784000000| Untracked 
|  65|0x0000000784100000, 0x0000000784100000, 0x0000000784200000|  0%| F|  |TAMS 0x0000000784100000, 0x0000000784100000| Untracked 
|  66|0x0000000784200000, 0x0000000784200000, 0x0000000784300000|  0%| F|  |TAMS 0x0000000784200000, 0x0000000784200000| Untracked 
|  67|0x0000000784300000, 0x0000000784300000, 0x0000000784400000|  0%| F|  |TAMS 0x0000000784300000, 0x0000000784300000| Untracked 
|  68|0x0000000784400000, 0x0000000784400000, 0x0000000784500000|  0%| F|  |TAMS 0x0000000784400000, 0x0000000784400000| Untracked 
|  69|0x0000000784500000, 0x0000000784500000, 0x0000000784600000|  0%| F|  |TAMS 0x0000000784500000, 0x0000000784500000| Untracked 
|  70|0x0000000784600000, 0x0000000784600000, 0x0000000784700000|  0%| F|  |TAMS 0x0000000784600000, 0x0000000784600000| Untracked 
|  71|0x0000000784700000, 0x0000000784700000, 0x0000000784800000|  0%| F|  |TAMS 0x0000000784700000, 0x0000000784700000| Untracked 
|  72|0x0000000784800000, 0x0000000784800000, 0x0000000784900000|  0%| F|  |TAMS 0x0000000784800000, 0x0000000784800000| Untracked 
|  73|0x0000000784900000, 0x0000000784900000, 0x0000000784a00000|  0%| F|  |TAMS 0x0000000784900000, 0x0000000784900000| Untracked 
|  74|0x0000000784a00000, 0x0000000784a00000, 0x0000000784b00000|  0%| F|  |TAMS 0x0000000784a00000, 0x0000000784a00000| Untracked 
|  75|0x0000000784b00000, 0x0000000784b00000, 0x0000000784c00000|  0%| F|  |TAMS 0x0000000784b00000, 0x0000000784b00000| Untracked 
|  76|0x0000000784c00000, 0x0000000784c00000, 0x0000000784d00000|  0%| F|  |TAMS 0x0000000784c00000, 0x0000000784c00000| Untracked 
|  77|0x0000000784d00000, 0x0000000784d00000, 0x0000000784e00000|  0%| F|  |TAMS 0x0000000784d00000, 0x0000000784d00000| Untracked 
|  78|0x0000000784e00000, 0x0000000784e00000, 0x0000000784f00000|  0%| F|  |TAMS 0x0000000784e00000, 0x0000000784e00000| Untracked 
|  79|0x0000000784f00000, 0x0000000784f00000, 0x0000000785000000|  0%| F|  |TAMS 0x0000000784f00000, 0x0000000784f00000| Untracked 
|  80|0x0000000785000000, 0x0000000785000000, 0x0000000785100000|  0%| F|  |TAMS 0x0000000785000000, 0x0000000785000000| Untracked 
|  81|0x0000000785100000, 0x0000000785100000, 0x0000000785200000|  0%| F|  |TAMS 0x0000000785100000, 0x0000000785100000| Untracked 
|  82|0x0000000785200000, 0x0000000785200000, 0x0000000785300000|  0%| F|  |TAMS 0x0000000785200000, 0x0000000785200000| Untracked 
|  83|0x0000000785300000, 0x0000000785300000, 0x0000000785400000|  0%| F|  |TAMS 0x0000000785300000, 0x0000000785300000| Untracked 
|  84|0x0000000785400000, 0x0000000785400000, 0x0000000785500000|  0%| F|  |TAMS 0x0000000785400000, 0x0000000785400000| Untracked 
|  85|0x0000000785500000, 0x0000000785500000, 0x0000000785600000|  0%| F|  |TAMS 0x0000000785500000, 0x0000000785500000| Untracked 
|  86|0x0000000785600000, 0x0000000785600000, 0x0000000785700000|  0%| F|  |TAMS 0x0000000785600000, 0x0000000785600000| Untracked 
|  87|0x0000000785700000, 0x0000000785700000, 0x0000000785800000|  0%| F|  |TAMS 0x0000000785700000, 0x0000000785700000| Untracked 
|  88|0x0000000785800000, 0x0000000785800000, 0x0000000785900000|  0%| F|  |TAMS 0x0000000785800000, 0x0000000785800000| Untracked 
|  89|0x0000000785900000, 0x0000000785900000, 0x0000000785a00000|  0%| F|  |TAMS 0x0000000785900000, 0x0000000785900000| Untracked 
|  90|0x0000000785a00000, 0x0000000785a00000, 0x0000000785b00000|  0%| F|  |TAMS 0x0000000785a00000, 0x0000000785a00000| Untracked 
|  91|0x0000000785b00000, 0x0000000785b00000, 0x0000000785c00000|  0%| F|  |TAMS 0x0000000785b00000, 0x0000000785b00000| Untracked 
|  92|0x0000000785c00000, 0x0000000785c00000, 0x0000000785d00000|  0%| F|  |TAMS 0x0000000785c00000, 0x0000000785c00000| Untracked 
|  93|0x0000000785d00000, 0x0000000785d00000, 0x0000000785e00000|  0%| F|  |TAMS 0x0000000785d00000, 0x0000000785d00000| Untracked 
|  94|0x0000000785e00000, 0x0000000785e00000, 0x0000000785f00000|  0%| F|  |TAMS 0x0000000785e00000, 0x0000000785e00000| Untracked 
|  95|0x0000000785f00000, 0x0000000785f00000, 0x0000000786000000|  0%| F|  |TAMS 0x0000000785f00000, 0x0000000785f00000| Untracked 
|  96|0x0000000786000000, 0x0000000786000000, 0x0000000786100000|  0%| F|  |TAMS 0x0000000786000000, 0x0000000786000000| Untracked 
|  97|0x0000000786100000, 0x0000000786100000, 0x0000000786200000|  0%| F|  |TAMS 0x0000000786100000, 0x0000000786100000| Untracked 
|  98|0x0000000786200000, 0x0000000786200000, 0x0000000786300000|  0%| F|  |TAMS 0x0000000786200000, 0x0000000786200000| Untracked 
|  99|0x0000000786300000, 0x0000000786300000, 0x0000000786400000|  0%| F|  |TAMS 0x0000000786300000, 0x0000000786300000| Untracked 
| 100|0x0000000786400000, 0x0000000786400000, 0x0000000786500000|  0%| F|  |TAMS 0x0000000786400000, 0x0000000786400000| Untracked 
| 101|0x0000000786500000, 0x0000000786500000, 0x0000000786600000|  0%| F|  |TAMS 0x0000000786500000, 0x0000000786500000| Untracked 
| 102|0x0000000786600000, 0x0000000786700000, 0x0000000786700000|100%| E|  |TAMS 0x0000000786600000, 0x0000000786600000| Complete 
| 103|0x0000000786700000, 0x0000000786800000, 0x0000000786800000|100%| E|CS|TAMS 0x0000000786700000, 0x0000000786700000| Complete 
| 104|0x0000000786800000, 0x0000000786900000, 0x0000000786900000|100%| E|CS|TAMS 0x0000000786800000, 0x0000000786800000| Complete 
| 105|0x0000000786900000, 0x0000000786a00000, 0x0000000786a00000|100%| E|CS|TAMS 0x0000000786900000, 0x0000000786900000| Complete 
| 106|0x0000000786a00000, 0x0000000786b00000, 0x0000000786b00000|100%| E|CS|TAMS 0x0000000786a00000, 0x0000000786a00000| Complete 
| 107|0x0000000786b00000, 0x0000000786c00000, 0x0000000786c00000|100%| E|CS|TAMS 0x0000000786b00000, 0x0000000786b00000| Complete 
| 108|0x0000000786c00000, 0x0000000786d00000, 0x0000000786d00000|100%| E|CS|TAMS 0x0000000786c00000, 0x0000000786c00000| Complete 
| 109|0x0000000786d00000, 0x0000000786e00000, 0x0000000786e00000|100%| E|CS|TAMS 0x0000000786d00000, 0x0000000786d00000| Complete 
| 110|0x0000000786e00000, 0x0000000786f00000, 0x0000000786f00000|100%| E|CS|TAMS 0x0000000786e00000, 0x0000000786e00000| Complete 
| 111|0x0000000786f00000, 0x0000000787000000, 0x0000000787000000|100%| E|CS|TAMS 0x0000000786f00000, 0x0000000786f00000| Complete 
| 112|0x0000000787000000, 0x0000000787100000, 0x0000000787100000|100%| E|CS|TAMS 0x0000000787000000, 0x0000000787000000| Complete 
| 113|0x0000000787100000, 0x0000000787200000, 0x0000000787200000|100%| E|CS|TAMS 0x0000000787100000, 0x0000000787100000| Complete 
| 114|0x0000000787200000, 0x0000000787300000, 0x0000000787300000|100%| E|CS|TAMS 0x0000000787200000, 0x0000000787200000| Complete 
| 115|0x0000000787300000, 0x0000000787400000, 0x0000000787400000|100%| E|CS|TAMS 0x0000000787300000, 0x0000000787300000| Complete 
| 116|0x0000000787400000, 0x0000000787500000, 0x0000000787500000|100%| E|CS|TAMS 0x0000000787400000, 0x0000000787400000| Complete 
| 117|0x0000000787500000, 0x0000000787600000, 0x0000000787600000|100%| E|CS|TAMS 0x0000000787500000, 0x0000000787500000| Complete 
| 118|0x0000000787600000, 0x0000000787700000, 0x0000000787700000|100%| E|CS|TAMS 0x0000000787600000, 0x0000000787600000| Complete 
| 119|0x0000000787700000, 0x0000000787800000, 0x0000000787800000|100%| E|CS|TAMS 0x0000000787700000, 0x0000000787700000| Complete 
| 120|0x0000000787800000, 0x0000000787900000, 0x0000000787900000|100%| E|CS|TAMS 0x0000000787800000, 0x0000000787800000| Complete 
| 121|0x0000000787900000, 0x0000000787a00000, 0x0000000787a00000|100%| E|CS|TAMS 0x0000000787900000, 0x0000000787900000| Complete 
| 122|0x0000000787a00000, 0x0000000787b00000, 0x0000000787b00000|100%| E|CS|TAMS 0x0000000787a00000, 0x0000000787a00000| Complete 
| 123|0x0000000787b00000, 0x0000000787c00000, 0x0000000787c00000|100%| E|CS|TAMS 0x0000000787b00000, 0x0000000787b00000| Complete 
| 124|0x0000000787c00000, 0x0000000787d00000, 0x0000000787d00000|100%| E|CS|TAMS 0x0000000787c00000, 0x0000000787c00000| Complete 
| 125|0x0000000787d00000, 0x0000000787e00000, 0x0000000787e00000|100%| E|CS|TAMS 0x0000000787d00000, 0x0000000787d00000| Complete 
| 126|0x0000000787e00000, 0x0000000787f00000, 0x0000000787f00000|100%| E|CS|TAMS 0x0000000787e00000, 0x0000000787e00000| Complete 
| 127|0x0000000787f00000, 0x0000000788000000, 0x0000000788000000|100%| E|CS|TAMS 0x0000000787f00000, 0x0000000787f00000| Complete 
| 128|0x0000000788000000, 0x0000000788100000, 0x0000000788100000|100%| E|CS|TAMS 0x0000000788000000, 0x0000000788000000| Complete 
| 129|0x0000000788100000, 0x0000000788200000, 0x0000000788200000|100%| E|CS|TAMS 0x0000000788100000, 0x0000000788100000| Complete 
| 130|0x0000000788200000, 0x0000000788300000, 0x0000000788300000|100%| E|CS|TAMS 0x0000000788200000, 0x0000000788200000| Complete 
| 131|0x0000000788300000, 0x0000000788400000, 0x0000000788400000|100%| E|CS|TAMS 0x0000000788300000, 0x0000000788300000| Complete 
| 132|0x0000000788400000, 0x0000000788500000, 0x0000000788500000|100%| E|CS|TAMS 0x0000000788400000, 0x0000000788400000| Complete 
| 133|0x0000000788500000, 0x0000000788600000, 0x0000000788600000|100%| E|CS|TAMS 0x0000000788500000, 0x0000000788500000| Complete 
| 134|0x0000000788600000, 0x0000000788700000, 0x0000000788700000|100%| E|CS|TAMS 0x0000000788600000, 0x0000000788600000| Complete 
| 135|0x0000000788700000, 0x0000000788800000, 0x0000000788800000|100%| E|CS|TAMS 0x0000000788700000, 0x0000000788700000| Complete 
| 136|0x0000000788800000, 0x0000000788900000, 0x0000000788900000|100%| E|CS|TAMS 0x0000000788800000, 0x0000000788800000| Complete 
| 137|0x0000000788900000, 0x0000000788a00000, 0x0000000788a00000|100%| E|CS|TAMS 0x0000000788900000, 0x0000000788900000| Complete 
| 138|0x0000000788a00000, 0x0000000788b00000, 0x0000000788b00000|100%| E|CS|TAMS 0x0000000788a00000, 0x0000000788a00000| Complete 
| 139|0x0000000788b00000, 0x0000000788c00000, 0x0000000788c00000|100%| E|CS|TAMS 0x0000000788b00000, 0x0000000788b00000| Complete 
| 140|0x0000000788c00000, 0x0000000788d00000, 0x0000000788d00000|100%| E|CS|TAMS 0x0000000788c00000, 0x0000000788c00000| Complete 
| 141|0x0000000788d00000, 0x0000000788e00000, 0x0000000788e00000|100%| E|CS|TAMS 0x0000000788d00000, 0x0000000788d00000| Complete 
| 142|0x0000000788e00000, 0x0000000788f00000, 0x0000000788f00000|100%| E|CS|TAMS 0x0000000788e00000, 0x0000000788e00000| Complete 
| 143|0x0000000788f00000, 0x0000000789000000, 0x0000000789000000|100%| E|CS|TAMS 0x0000000788f00000, 0x0000000788f00000| Complete 
| 144|0x0000000789000000, 0x0000000789100000, 0x0000000789100000|100%| E|CS|TAMS 0x0000000789000000, 0x0000000789000000| Complete 
| 145|0x0000000789100000, 0x0000000789200000, 0x0000000789200000|100%| E|CS|TAMS 0x0000000789100000, 0x0000000789100000| Complete 
| 146|0x0000000789200000, 0x0000000789300000, 0x0000000789300000|100%| E|CS|TAMS 0x0000000789200000, 0x0000000789200000| Complete 
| 147|0x0000000789300000, 0x0000000789400000, 0x0000000789400000|100%| E|CS|TAMS 0x0000000789300000, 0x0000000789300000| Complete 
| 148|0x0000000789400000, 0x0000000789500000, 0x0000000789500000|100%| E|CS|TAMS 0x0000000789400000, 0x0000000789400000| Complete 
| 149|0x0000000789500000, 0x0000000789600000, 0x0000000789600000|100%| E|CS|TAMS 0x0000000789500000, 0x0000000789500000| Complete 
| 150|0x0000000789600000, 0x0000000789700000, 0x0000000789700000|100%| E|CS|TAMS 0x0000000789600000, 0x0000000789600000| Complete 
| 151|0x0000000789700000, 0x0000000789800000, 0x0000000789800000|100%| E|CS|TAMS 0x0000000789700000, 0x0000000789700000| Complete 
| 152|0x0000000789800000, 0x0000000789900000, 0x0000000789900000|100%| E|CS|TAMS 0x0000000789800000, 0x0000000789800000| Complete 
| 153|0x0000000789900000, 0x0000000789a00000, 0x0000000789a00000|100%| E|CS|TAMS 0x0000000789900000, 0x0000000789900000| Complete 

Card table byte_map: [0x0000000126d3d000,0x000000012713d000] _byte_map_base: 0x000000012313d000

Marking Bits (Prev, Next): (CMBitMap*) 0x00007f88d782ec50, (CMBitMap*) 0x00007f88d782ec18
 Prev Bits: [0x000000012953d000, 0x000000012b53d000)
 Next Bits: [0x000000012753d000, 0x000000012953d000)

Polling page: 0x000000010d546000

Metaspace:

Usage:
  Non-class:     58.46 MB capacity,    57.49 MB ( 98%) used,   783.34 KB (  1%) free+waste,   206.00 KB ( <1%) overhead. 
      Class:      8.79 MB capacity,     8.17 MB ( 93%) used,   540.12 KB (  6%) free+waste,    93.62 KB (  1%) overhead. 
       Both:     67.24 MB capacity,    65.66 MB ( 98%) used,     1.29 MB (  2%) free+waste,   299.62 KB ( <1%) overhead. 

Virtual space:
  Non-class space:       60.00 MB reserved,      58.58 MB ( 98%) committed 
      Class space:        1.00 GB reserved,       8.82 MB ( <1%) committed 
             Both:        1.06 GB reserved,      67.40 MB (  6%) committed 

Chunk freelists:
   Non-Class:  2.88 KB
       Class:  0 bytes
        Both:  2.88 KB

CodeHeap 'non-profiled nmethods': size=120032Kb used=2033Kb max_used=2172Kb free=117998Kb
 bounds [0x000000011f805000, 0x000000011fa75000, 0x0000000126d3d000]
CodeHeap 'profiled nmethods': size=120032Kb used=10003Kb max_used=10222Kb free=110028Kb
 bounds [0x00000001182cd000, 0x0000000118ced000, 0x000000011f805000]
CodeHeap 'non-nmethods': size=5696Kb used=1302Kb max_used=1374Kb free=4393Kb
 bounds [0x0000000117d3d000, 0x0000000117fad000, 0x00000001182cd000]
 total_blobs=5582 nmethods=4973 adapters=529
 compilation: enabled
              stopped_count=0, restarted_count=0
 full_count=0

Compilation events (10 events):
Event: 5387.344 Thread 0x00007f88d7018000 5600       4       java.util.TaskQueue::rescheduleMin (16 bytes)
Event: 5387.352 Thread 0x00007f88d7018000 nmethod 5600 0x000000011f943990 code [0x000000011f943b40, 0x000000011f9442d8]
Event: 5515.341 Thread 0x00007f88d7018000 5601       4       oracle.net.nt.Clock$1::run (10 bytes)
Event: 5515.343 Thread 0x00007f88d7018000 nmethod 5601 0x000000011f943690 code [0x000000011f943820, 0x000000011f9438d8]
Event: 5593.627 Thread 0x00007f88d5014800 5602       3       com.zaxxer.hikari.pool.HikariPool::getIdleConnections (9 bytes)
Event: 5593.633 Thread 0x00007f88d5014800 nmethod 5602 0x000000011881f990 code [0x000000011881fb40, 0x000000011881fd08]
Event: 5743.777 Thread 0x00007f88d5014800 5603       3       java.util.TreeSet::add (22 bytes)
Event: 5743.783 Thread 0x00007f88d5014800 nmethod 5603 0x0000000118825190 code [0x0000000118825340, 0x00000001188255e8]
Event: 5791.250 Thread 0x00007f88d7018000 5604       4       java.util.concurrent.locks.ReentrantLock$Sync::tryRelease (45 bytes)
Event: 5791.256 Thread 0x00007f88d7018000 nmethod 5604 0x000000011f943210 code [0x000000011f9433a0, 0x000000011f943578]

GC Heap History (10 events):
Event: 11.088 GC heap before
{Heap before GC invocations=9 (full 0):
 garbage-first heap   total 157696K, used 90014K [0x0000000780000000, 0x0000000800000000)
  region size 1024K, 81 young (82944K), 6 survivors (6144K)
 Metaspace       used 37299K, capacity 38369K, committed 38704K, reserved 1083392K
  class space    used 4247K, capacity 4680K, committed 4736K, reserved 1048576K
}
Event: 11.092 GC heap after
{Heap after GC invocations=10 (full 0):
 garbage-first heap   total 157696K, used 15364K [0x0000000780000000, 0x0000000800000000)
  region size 1024K, 7 young (7168K), 7 survivors (7168K)
 Metaspace       used 37299K, capacity 38369K, committed 38704K, reserved 1083392K
  class space    used 4247K, capacity 4680K, committed 4736K, reserved 1048576K
}
Event: 11.782 GC heap before
{Heap before GC invocations=10 (full 0):
 garbage-first heap   total 157696K, used 97284K [0x0000000780000000, 0x0000000800000000)
  region size 1024K, 88 young (90112K), 7 survivors (7168K)
 Metaspace       used 42727K, capacity 43952K, committed 44336K, reserved 1087488K
  class space    used 4951K, capacity 5408K, committed 5504K, reserved 1048576K
}
Event: 11.788 GC heap after
{Heap after GC invocations=11 (full 0):
 garbage-first heap   total 157696K, used 17166K [0x0000000780000000, 0x0000000800000000)
  region size 1024K, 8 young (8192K), 8 survivors (8192K)
 Metaspace       used 42727K, capacity 43952K, committed 44336K, reserved 1087488K
  class space    used 4951K, capacity 5408K, committed 5504K, reserved 1048576K
}
Event: 12.920 GC heap before
{Heap before GC invocations=11 (full 0):
 garbage-first heap   total 157696K, used 103182K [0x0000000780000000, 0x0000000800000000)
  region size 1024K, 92 young (94208K), 8 survivors (8192K)
 Metaspace       used 52770K, capacity 54089K, committed 54448K, reserved 1097728K
  class space    used 6374K, capacity 6888K, committed 6912K, reserved 1048576K
}
Event: 12.946 GC heap after
{Heap after GC invocations=12 (full 0):
 garbage-first heap   total 157696K, used 18974K [0x0000000780000000, 0x0000000800000000)
  region size 1024K, 9 young (9216K), 9 survivors (9216K)
 Metaspace       used 52770K, capacity 54089K, committed 54448K, reserved 1097728K
  class space    used 6374K, capacity 6888K, committed 6912K, reserved 1048576K
}
Event: 13.503 GC heap before
{Heap before GC invocations=12 (full 0):
 garbage-first heap   total 157696K, used 85534K [0x0000000780000000, 0x0000000800000000)
  region size 1024K, 75 young (76800K), 9 survivors (9216K)
 Metaspace       used 58604K, capacity 59922K, committed 60240K, reserved 1101824K
  class space    used 7157K, capacity 7676K, committed 7680K, reserved 1048576K
}
Event: 13.510 GC heap after
{Heap after GC invocations=13 (full 0):
 garbage-first heap   total 157696K, used 21244K [0x0000000780000000, 0x0000000800000000)
  region size 1024K, 8 young (8192K), 8 survivors (8192K)
 Metaspace       used 58604K, capacity 59922K, committed 60240K, reserved 1101824K
  class space    used 7157K, capacity 7676K, committed 7680K, reserved 1048576K
}
Event: 14.555 GC heap before
{Heap before GC invocations=14 (full 0):
 garbage-first heap   total 157696K, used 107260K [0x0000000780000000, 0x0000000800000000)
  region size 1024K, 92 young (94208K), 8 survivors (8192K)
 Metaspace       used 65182K, capacity 66791K, committed 67100K, reserved 1107968K
  class space    used 8162K, capacity 8808K, committed 8908K, reserved 1048576K
}
Event: 14.563 GC heap after
{Heap after GC invocations=15 (full 0):
 garbage-first heap   total 157696K, used 23099K [0x0000000780000000, 0x0000000800000000)
  region size 1024K, 8 young (8192K), 8 survivors (8192K)
 Metaspace       used 65182K, capacity 66791K, committed 67100K, reserved 1107968K
  class space    used 8162K, capacity 8808K, committed 8908K, reserved 1048576K
}

Deoptimization events (10 events):
Event: 14.121 Thread 0x00007f88d5206800 Uncommon trap: reason=unstable_if action=reinterpret pc=0x000000011f8ebeb0 method=org.springframework.asm.ClassReader.readUtf(II[C)Ljava/lang/String; @ 41 c2
Event: 14.364 Thread 0x00007f88d5206800 Uncommon trap: reason=speculate_null_assert action=make_not_entrant pc=0x000000011f952810 method=org.springframework.util.ConcurrentReferenceHashMap$Segment.restructureIfNecessary(Z)V @ 41 c2
Event: 14.714 Thread 0x00007f88d5206800 Uncommon trap: reason=unstable_if action=reinterpret pc=0x000000011f92d99c method=java.util.concurrent.ConcurrentHashMap.putVal(Ljava/lang/Object;Ljava/lang/Object;Z)Ljava/lang/Object; @ 401 c2
Event: 1111.638 Thread 0x00007f88d8a34000 Uncommon trap: reason=predicate action=maybe_recompile pc=0x000000011f86a3cc method=java.util.AbstractCollection.toArray([Ljava/lang/Object;)[Ljava/lang/Object; @ 43 c2
Event: 1441.770 Thread 0x00007f88d8bb6000 Uncommon trap: reason=array_check action=maybe_recompile pc=0x000000011fa1d448 method=java.util.AbstractCollection.toArray([Ljava/lang/Object;)[Ljava/lang/Object; @ 116 c2
Event: 1441.770 Thread 0x00007f88d8bb6000 Uncommon trap: reason=array_check action=maybe_recompile pc=0x000000011fa1d448 method=java.util.AbstractCollection.toArray([Ljava/lang/Object;)[Ljava/lang/Object; @ 116 c2
Event: 1441.770 Thread 0x00007f88d8bb6000 Uncommon trap: reason=array_check action=maybe_recompile pc=0x000000011fa1d448 method=java.util.AbstractCollection.toArray([Ljava/lang/Object;)[Ljava/lang/Object; @ 116 c2
Event: 1451.775 Thread 0x00007f88d8a34000 Uncommon trap: reason=array_check action=maybe_recompile pc=0x000000011fa1d448 method=java.util.AbstractCollection.toArray([Ljava/lang/Object;)[Ljava/lang/Object; @ 116 c2
Event: 1770.024 Thread 0x00007f88d7706000 Uncommon trap: reason=unstable_if action=reinterpret pc=0x000000011f9c7eb0 method=sun.security.provider.DigestBase.engineUpdate([BII)V @ 119 c2
Event: 3555.521 Thread 0x00007f88d8a9c000 Uncommon trap: reason=unstable_if action=reinterpret pc=0x000000011f8f65d4 method=oracle.jdbc.driver.T4CMAREngineNIO.prepareForMarshall(I)V @ 11 c2

Classes redefined (10 events):
Event: 2246.918 Thread 0x00007f88d7848000 redefined class name=com.techproed.apiToDeploy.SB20StudentBean, count=1
Event: 2246.991 Thread 0x00007f88d7848000 redefined class name=com.techproed.apiToDeploy.ApiToDeployApplication, count=1
Event: 2247.097 Thread 0x00007f88d7848000 redefined class name=com.techproed.apiToDeploy.SB21StudentBeanRepository, count=1
Event: 2248.643 Thread 0x00007f88d7848000 redefined class name=com.techproed.apiToDeploy.ApplicationSecurityConfig, count=2
Event: 2922.457 Thread 0x00007f88d7848000 redefined class name=com.techproed.apiToDeploy.ApplicationSecurityConfig, count=3
Event: 3633.917 Thread 0x00007f88d7848000 redefined class name=com.techproed.apiToDeploy.ApplicationSecurityConfig, count=4
Event: 3748.934 Thread 0x00007f88d7848000 redefined class name=com.techproed.apiToDeploy.ApplicationSecurityConfig, count=5
Event: 4116.365 Thread 0x00007f88d7848000 redefined class name=com.techproed.apiToDeploy.ApplicationSecurityConfig, count=6
Event: 4519.579 Thread 0x00007f88d7848000 redefined class name=com.techproed.apiToDeploy.ApplicationSecurityConfig, count=7
Event: 5878.634 Thread 0x00007f88d7848000 redefined class name=com.techproed.apiToDeploy.ApplicationSecurityConfig, count=8

Internal exceptions (10 events):
Event: 14.554 Thread 0x00007f88d5206800 Exception <a 'java/lang/NoSuchMethodError'{0x0000000783ef00d8}: java.lang.invoke.DirectMethodHandle$Holder.invokeStatic(Ljava/lang/Object;Ljava/lang/Object;ILjava/lang/Object;)Ljava/lang/Object;> (0x0000000783ef00d8) thrown at [./open/src/hotspot/share/in
Event: 14.555 Thread 0x00007f88d5206800 Exception <a 'java/lang/NoSuchMethodError'{0x0000000783ef6ce8}: java.lang.invoke.Invokers$Holder.linkToTargetMethod(Ljava/lang/Object;ILjava/lang/Object;)Ljava/lang/Object;> (0x0000000783ef6ce8) thrown at [./open/src/hotspot/share/interpreter/linkResolver
Event: 14.568 Thread 0x00007f88d5206800 Exception <a 'java/lang/IncompatibleClassChangeError'{0x0000000789967408}: Found class java.lang.Object, but interface was expected> (0x0000000789967408) thrown at [./open/src/hotspot/share/interpreter/linkResolver.cpp, line 838]
Event: 14.606 Thread 0x00007f88d5206800 Exception <a 'java/lang/reflect/InvocationTargetException'{0x00000007894279b8}> (0x00000007894279b8) thrown at [./open/src/hotspot/share/runtime/reflection.cpp, line 1242]
Event: 14.668 Thread 0x00007f88d5206800 Exception <a 'java/lang/ClassNotFoundException'{0x00000007890b5de8}: java/lang/ObjectCustomizer> (0x00000007890b5de8) thrown at [./open/src/hotspot/share/classfile/systemDictionary.cpp, line 228]
Event: 14.669 Thread 0x00007f88d5206800 Exception <a 'java/lang/ClassNotFoundException'{0x00000007890c9d08}: org/springframework/security/config/annotation/web/configuration/WebSecurityConfigurationCustomizer> (0x00000007890c9d08) thrown at [./open/src/hotspot/share/classfile/systemDictionary.c
Event: 14.669 Thread 0x00007f88d5206800 Exception <a 'java/lang/ClassNotFoundException'{0x00000007890e1568}: org/springframework/context/annotation/ImportAwareCustomizer> (0x00000007890e1568) thrown at [./open/src/hotspot/share/classfile/systemDictionary.cpp, line 228]
Event: 14.670 Thread 0x00007f88d5206800 Exception <a 'java/lang/ClassNotFoundException'{0x00000007890edb50}: org/springframework/beans/factory/AwareCustomizer> (0x00000007890edb50) thrown at [./open/src/hotspot/share/classfile/systemDictionary.cpp, line 228]
Event: 14.670 Thread 0x00007f88d5206800 Exception <a 'java/lang/ClassNotFoundException'{0x00000007890fabc8}: org/springframework/beans/factory/BeanClassLoaderAwareCustomizer> (0x00000007890fabc8) thrown at [./open/src/hotspot/share/classfile/systemDictionary.cpp, line 228]
Event: 14.670 Thread 0x00007f88d5206800 Exception <a 'java/lang/ClassNotFoundException'{0x0000000788f07688}: org/springframework/beans/factory/AwareCustomizer> (0x0000000788f07688) thrown at [./open/src/hotspot/share/classfile/systemDictionary.cpp, line 228]

Events (10 events):
Event: 5899.455 Executing VM operation: GetStackTrace done
Event: 5900.551 Executing VM operation: GetFrameCount
Event: 5900.551 Executing VM operation: GetFrameCount done
Event: 5900.551 Executing VM operation: GetOwnedMonitorInfo
Event: 5900.551 Executing VM operation: GetOwnedMonitorInfo done
Event: 5900.551 Executing VM operation: GetCurrentContendedMonitor
Event: 5900.551 Executing VM operation: GetCurrentContendedMonitor done
Event: 5900.558 Executing VM operation: GetFrameLocation
Event: 5900.558 Executing VM operation: GetFrameLocation done
Event: 5900.558 Executing VM operation: GetOrSetLocal


Dynamic libraries:
0x00007fff37e61000 	/System/Library/Frameworks/Cocoa.framework/Versions/A/Cocoa
0x00007fff4565a000 	/System/Library/Frameworks/Security.framework/Versions/A/Security
0x00007fff36dc6000 	/System/Library/Frameworks/ApplicationServices.framework/Versions/A/ApplicationServices
0x00007fff72345000 	/usr/lib/libz.1.dylib
0x000000010d4da000 	/Library/Java/JavaVirtualMachines/jdk-11.0.9.jdk/Contents/Home/lib/jli/libjli.dylib
0x00007fff6fe09000 	/usr/lib/libSystem.B.dylib
0x00007fff35fb6000 	/System/Library/Frameworks/AppKit.framework/Versions/C/AppKit
0x00007fff387e5000 	/System/Library/Frameworks/CoreData.framework/Versions/A/CoreData
0x00007fff3b3c0000 	/System/Library/Frameworks/Foundation.framework/Versions/C/Foundation
0x00007fff69e1e000 	/System/Library/PrivateFrameworks/UIFoundation.framework/Versions/A/UIFoundation
0x00007fff64eb2000 	/System/Library/PrivateFrameworks/RemoteViewServices.framework/Versions/A/RemoteViewServices
0x00007fff6c979000 	/System/Library/PrivateFrameworks/XCTTargetBootstrap.framework/Versions/A/XCTTargetBootstrap
0x00007fff38bd0000 	/System/Library/Frameworks/CoreDisplay.framework/Versions/A/CoreDisplay
0x00007fff3e27b000 	/System/Library/Frameworks/Metal.framework/Versions/A/Metal
0x00007fff52e73000 	/System/Library/PrivateFrameworks/DesktopServicesPriv.framework/Versions/A/DesktopServicesPriv
0x00007fff70f44000 	/usr/lib/liblangid.dylib
0x00007fff52108000 	/System/Library/PrivateFrameworks/CoreSVG.framework/Versions/A/CoreSVG
0x00007fff6800e000 	/System/Library/PrivateFrameworks/SkyLight.framework/Versions/A/SkyLight
0x00007fff39184000 	/System/Library/Frameworks/CoreGraphics.framework/Versions/A/CoreGraphics
0x00007fff3498a000 	/System/Library/Frameworks/Accelerate.framework/Versions/A/Accelerate
0x00007fff72236000 	/usr/lib/libxml2.2.dylib
0x00007fff5de11000 	/System/Library/PrivateFrameworks/IconServices.framework/Versions/A/IconServices
0x00007fff3bb9f000 	/System/Library/Frameworks/IOSurface.framework/Versions/A/IOSurface
0x00007fff6f933000 	/usr/lib/libDiagnosticMessagesClient.dylib
0x00007fff52ccd000 	/System/Library/PrivateFrameworks/DFRFoundation.framework/Versions/A/DFRFoundation
0x00007fff70cd3000 	/usr/lib/libicucore.A.dylib
0x00007fff370f8000 	/System/Library/Frameworks/AudioToolbox.framework/Versions/A/AudioToolbox
0x00007fff371db000 	/System/Library/Frameworks/AudioUnit.framework/Versions/A/AudioUnit
0x00007fff7000b000 	/usr/lib/libauto.dylib
0x00007fff52d6f000 	/System/Library/PrivateFrameworks/DataDetectorsCore.framework/Versions/A/DataDetectorsCore
0x00007fff37982000 	/System/Library/Frameworks/Carbon.framework/Versions/A/Frameworks/HIToolbox.framework/Versions/A/HIToolbox
0x00007fff44854000 	/System/Library/Frameworks/QuartzCore.framework/Versions/A/QuartzCore
0x00007fff37cc1000 	/System/Library/Frameworks/Carbon.framework/Versions/A/Frameworks/SpeechRecognition.framework/Versions/A/SpeechRecognition
0x00007fff527e1000 	/System/Library/PrivateFrameworks/CoreUI.framework/Versions/A/CoreUI
0x00007fff38250000 	/System/Library/Frameworks/CoreAudio.framework/Versions/A/CoreAudio
0x00007fff3b07f000 	/System/Library/Frameworks/DiskArbitration.framework/Versions/A/DiskArbitration
0x00007fff5fe8d000 	/System/Library/PrivateFrameworks/MultitouchSupport.framework/Versions/A/MultitouchSupport
0x00007fff70b9a000 	/usr/lib/libenergytrace.dylib
0x00007fff3baf9000 	/System/Library/Frameworks/IOKit.framework/Versions/A/IOKit
0x00007fff3a0eb000 	/System/Library/Frameworks/CoreServices.framework/Versions/A/CoreServices
0x00007fff62045000 	/System/Library/PrivateFrameworks/PerformanceAnalysis.framework/Versions/A/PerformanceAnalysis
0x00007fff43887000 	/System/Library/Frameworks/OpenGL.framework/Versions/A/OpenGL
0x00007fff71c69000 	/usr/lib/libobjc.A.dylib
0x00007fff37e6f000 	/System/Library/Frameworks/ColorSync.framework/Versions/A/ColorSync
0x00007fff38d03000 	/System/Library/Frameworks/CoreFoundation.framework/Versions/A/CoreFoundation
0x00007fff39807000 	/System/Library/Frameworks/CoreImage.framework/Versions/A/CoreImage
0x00007fff3ab5e000 	/System/Library/Frameworks/CoreText.framework/Versions/A/CoreText
0x00007fff3bc2f000 	/System/Library/Frameworks/ImageIO.framework/Versions/A/ImageIO
0x00007fff700ef000 	/usr/lib/libc++.1.dylib
0x00007fff7016b000 	/usr/lib/libcompression.dylib
0x00007fff6fc77000 	/usr/lib/libMobileGestalt.dylib
0x00007fff69b88000 	/System/Library/PrivateFrameworks/TextureIO.framework/Versions/A/TextureIO
0x00007fff6ff6e000 	/usr/lib/libate.dylib
0x00007fff5e01a000 	/System/Library/PrivateFrameworks/InternationalSupport.framework/Versions/A/InternationalSupport
0x00007fff72c06000 	/usr/lib/system/libcache.dylib
0x00007fff72c0c000 	/usr/lib/system/libcommonCrypto.dylib
0x00007fff72c18000 	/usr/lib/system/libcompiler_rt.dylib
0x00007fff72c20000 	/usr/lib/system/libcopyfile.dylib
0x00007fff72c2a000 	/usr/lib/system/libcorecrypto.dylib
0x00007fff72dc9000 	/usr/lib/system/libdispatch.dylib
0x00007fff72e0a000 	/usr/lib/system/libdyld.dylib
0x00007fff72e41000 	/usr/lib/system/libkeymgr.dylib
0x00007fff72e4f000 	/usr/lib/system/liblaunch.dylib
0x00007fff72e50000 	/usr/lib/system/libmacho.dylib
0x00007fff72e56000 	/usr/lib/system/libquarantine.dylib
0x00007fff72e59000 	/usr/lib/system/libremovefile.dylib
0x00007fff72e5b000 	/usr/lib/system/libsystem_asl.dylib
0x00007fff72e73000 	/usr/lib/system/libsystem_blocks.dylib
0x00007fff72e74000 	/usr/lib/system/libsystem_c.dylib
0x00007fff72efc000 	/usr/lib/system/libsystem_configuration.dylib
0x00007fff72f00000 	/usr/lib/system/libsystem_coreservices.dylib
0x00007fff72f04000 	/usr/lib/system/libsystem_darwin.dylib
0x00007fff72f0d000 	/usr/lib/system/libsystem_dnssd.dylib
0x00007fff72f15000 	/usr/lib/system/libsystem_featureflags.dylib
0x00007fff72f17000 	/usr/lib/system/libsystem_info.dylib
0x00007fff72f92000 	/usr/lib/system/libsystem_m.dylib
0x00007fff72fda000 	/usr/lib/system/libsystem_malloc.dylib
0x00007fff73002000 	/usr/lib/system/libsystem_networkextension.dylib
0x00007fff73010000 	/usr/lib/system/libsystem_notify.dylib
0x00007fff7302e000 	/usr/lib/system/libsystem_sandbox.dylib
0x00007fff73033000 	/usr/lib/system/libsystem_secinit.dylib
0x00007fff72f65000 	/usr/lib/system/libsystem_kernel.dylib
0x00007fff7301a000 	/usr/lib/system/libsystem_platform.dylib
0x00007fff73023000 	/usr/lib/system/libsystem_pthread.dylib
0x00007fff73036000 	/usr/lib/system/libsystem_symptoms.dylib
0x00007fff7303e000 	/usr/lib/system/libsystem_trace.dylib
0x00007fff73056000 	/usr/lib/system/libunwind.dylib
0x00007fff7305c000 	/usr/lib/system/libxpc.dylib
0x00007fff70142000 	/usr/lib/libc++abi.dylib
0x00007fff70f46000 	/usr/lib/liblzma.5.dylib
0x00007fff70bc1000 	/usr/lib/libfakelink.dylib
0x00007fff6fefb000 	/usr/lib/libarchive.2.dylib
0x00007fff4670b000 	/System/Library/Frameworks/SystemConfiguration.framework/Versions/A/SystemConfiguration
0x00007fff6f866000 	/usr/lib/libCRFSuite.dylib
0x00007fff37572000 	/System/Library/Frameworks/CFNetwork.framework/Versions/A/CFNetwork
0x00007fff700d1000 	/usr/lib/libbsm.0.dylib
0x00007fff72e42000 	/usr/lib/system/libkxld.dylib
0x00007fff4c64a000 	/System/Library/PrivateFrameworks/AppleFSCompression.framework/Versions/A/AppleFSCompression
0x00007fff7045c000 	/usr/lib/libcoretls.dylib
0x00007fff70473000 	/usr/lib/libcoretls_cfhelpers.dylib
0x00007fff71caf000 	/usr/lib/libpam.2.dylib
0x00007fff71de4000 	/usr/lib/libsqlite3.dylib
0x00007fff72223000 	/usr/lib/libxar.1.dylib
0x00007fff700e2000 	/usr/lib/libbz2.1.0.dylib
0x00007fff70be2000 	/usr/lib/libiconv.2.dylib
0x00007fff70158000 	/usr/lib/libcharset.1.dylib
0x00007fff7174c000 	/usr/lib/libnetwork.dylib
0x00007fff71cb6000 	/usr/lib/libpcap.A.dylib
0x00007fff6feb0000 	/usr/lib/libapple_nghttp2.dylib
0x00007fff3a4a2000 	/System/Library/Frameworks/CoreServices.framework/Versions/A/Frameworks/FSEvents.framework/Versions/A/FSEvents
0x00007fff3a172000 	/System/Library/Frameworks/CoreServices.framework/Versions/A/Frameworks/CarbonCore.framework/Versions/A/CarbonCore
0x00007fff3a6e6000 	/System/Library/Frameworks/CoreServices.framework/Versions/A/Frameworks/Metadata.framework/Versions/A/Metadata
0x00007fff3a77f000 	/System/Library/Frameworks/CoreServices.framework/Versions/A/Frameworks/OSServices.framework/Versions/A/OSServices
0x00007fff3a7ad000 	/System/Library/Frameworks/CoreServices.framework/Versions/A/Frameworks/SearchKit.framework/Versions/A/SearchKit
0x00007fff3a0ec000 	/System/Library/Frameworks/CoreServices.framework/Versions/A/Frameworks/AE.framework/Versions/A/AE
0x00007fff3a4ab000 	/System/Library/Frameworks/CoreServices.framework/Versions/A/Frameworks/LaunchServices.framework/Versions/A/LaunchServices
0x00007fff3a454000 	/System/Library/Frameworks/CoreServices.framework/Versions/A/Frameworks/DictionaryServices.framework/Versions/A/DictionaryServices
0x00007fff3a815000 	/System/Library/Frameworks/CoreServices.framework/Versions/A/Frameworks/SharedFileList.framework/Versions/A/SharedFileList
0x00007fff3f6a6000 	/System/Library/Frameworks/NetFS.framework/Versions/A/NetFS
0x00007fff603bd000 	/System/Library/PrivateFrameworks/NetAuth.framework/Versions/A/NetAuth
0x00007fff6cd46000 	/System/Library/PrivateFrameworks/login.framework/Versions/A/Frameworks/loginsupport.framework/Versions/A/loginsupport
0x00007fff69653000 	/System/Library/PrivateFrameworks/TCC.framework/Versions/A/TCC
0x00007fff5127b000 	/System/Library/PrivateFrameworks/CoreNLP.framework/Versions/A/CoreNLP
0x00007fff5f88e000 	/System/Library/PrivateFrameworks/MetadataUtilities.framework/Versions/A/MetadataUtilities
0x00007fff7101e000 	/usr/lib/libmecabra.dylib
0x00007fff70f76000 	/usr/lib/libmecab.dylib
0x00007fff70bd2000 	/usr/lib/libgermantok.dylib
0x00007fff6fe97000 	/usr/lib/libThaiTokenizer.dylib
0x00007fff6f89d000 	/usr/lib/libChineseTokenizer.dylib
0x00007fff349a2000 	/System/Library/Frameworks/Accelerate.framework/Versions/A/Frameworks/vImage.framework/Versions/A/vImage
0x00007fff35e0c000 	/System/Library/Frameworks/Accelerate.framework/Versions/A/Frameworks/vecLib.framework/Versions/A/vecLib
0x00007fff35d49000 	/System/Library/Frameworks/Accelerate.framework/Versions/A/Frameworks/vecLib.framework/Versions/A/libvMisc.dylib
0x00007fff35b71000 	/System/Library/Frameworks/Accelerate.framework/Versions/A/Frameworks/vecLib.framework/Versions/A/libvDSP.dylib
0x00007fff34ff9000 	/System/Library/Frameworks/Accelerate.framework/Versions/A/Frameworks/vecLib.framework/Versions/A/libBLAS.dylib
0x00007fff35735000 	/System/Library/Frameworks/Accelerate.framework/Versions/A/Frameworks/vecLib.framework/Versions/A/libLAPACK.dylib
0x00007fff35ad1000 	/System/Library/Frameworks/Accelerate.framework/Versions/A/Frameworks/vecLib.framework/Versions/A/libLinearAlgebra.dylib
0x00007fff35b5e000 	/System/Library/Frameworks/Accelerate.framework/Versions/A/Frameworks/vecLib.framework/Versions/A/libSparseBLAS.dylib
0x00007fff35ae7000 	/System/Library/Frameworks/Accelerate.framework/Versions/A/Frameworks/vecLib.framework/Versions/A/libQuadrature.dylib
0x00007fff35261000 	/System/Library/Frameworks/Accelerate.framework/Versions/A/Frameworks/vecLib.framework/Versions/A/libBNNS.dylib
0x00007fff35aed000 	/System/Library/Frameworks/Accelerate.framework/Versions/A/Frameworks/vecLib.framework/Versions/A/libSparse.dylib
0x00007fff5e402000 	/System/Library/PrivateFrameworks/LanguageModeling.framework/Versions/A/LanguageModeling
0x00007fff50c2b000 	/System/Library/PrivateFrameworks/CoreEmoji.framework/Versions/A/CoreEmoji
0x00007fff5e520000 	/System/Library/PrivateFrameworks/LinguisticData.framework/Versions/A/LinguisticData
0x00007fff5e4d1000 	/System/Library/PrivateFrameworks/Lexicon.framework/Versions/A/Lexicon
0x00007fff70159000 	/usr/lib/libcmph.dylib
0x00007fff42295000 	/System/Library/Frameworks/OpenDirectory.framework/Versions/A/Frameworks/CFOpenDirectory.framework/Versions/A/CFOpenDirectory
0x00007fff422b2000 	/System/Library/Frameworks/OpenDirectory.framework/Versions/A/OpenDirectory
0x00007fff4a6f5000 	/System/Library/PrivateFrameworks/APFS.framework/Versions/A/APFS
0x00007fff459a4000 	/System/Library/Frameworks/SecurityFoundation.framework/Versions/A/SecurityFoundation
0x00007fff7221f000 	/usr/lib/libutil.dylib
0x00007fff52160000 	/System/Library/PrivateFrameworks/CoreServicesStore.framework/Versions/A/CoreServicesStore
0x00007fff45a5b000 	/System/Library/Frameworks/ServiceManagement.framework/Versions/A/ServiceManagement
0x00007fff4de1a000 	/System/Library/PrivateFrameworks/BackgroundTaskManagement.framework/Versions/A/BackgroundTaskManagement
0x00007fff7231c000 	/usr/lib/libxslt.1.dylib
0x00007fff4ccbd000 	/System/Library/PrivateFrameworks/AppleSystemInfo.framework/Versions/A/AppleSystemInfo
0x00007fff3be4a000 	/System/Library/Frameworks/ImageIO.framework/Versions/A/Resources/libJPEG.dylib
0x00007fff3c109000 	/System/Library/Frameworks/ImageIO.framework/Versions/A/Resources/libTIFF.dylib
0x00007fff3c0ec000 	/System/Library/Frameworks/ImageIO.framework/Versions/A/Resources/libPng.dylib
0x00007fff3bd8c000 	/System/Library/Frameworks/ImageIO.framework/Versions/A/Resources/libGIF.dylib
0x00007fff3bd90000 	/System/Library/Frameworks/ImageIO.framework/Versions/A/Resources/libJP2.dylib
0x00007fff3c107000 	/System/Library/Frameworks/ImageIO.framework/Versions/A/Resources/libRadiance.dylib
0x00007fff70b9b000 	/usr/lib/libexpat.1.dylib
0x00007fff4c7a5000 	/System/Library/PrivateFrameworks/AppleJPEG.framework/Versions/A/AppleJPEG
0x00007fff55476000 	/System/Library/PrivateFrameworks/FontServices.framework/libFontParser.dylib
0x00007fff6bd48000 	/System/Library/PrivateFrameworks/WatchdogClient.framework/Versions/A/WatchdogClient
0x00007fff5da5d000 	/System/Library/PrivateFrameworks/IOAccelerator.framework/Versions/A/IOAccelerator
0x00007fff3e616000 	/System/Library/Frameworks/MetalPerformanceShaders.framework/Versions/A/MetalPerformanceShaders
0x00007fff5a1f3000 	/System/Library/PrivateFrameworks/GPUWrangler.framework/Versions/A/GPUWrangler
0x00007fff5da72000 	/System/Library/PrivateFrameworks/IOPresentment.framework/Versions/A/IOPresentment
0x00007fff52ce0000 	/System/Library/PrivateFrameworks/DSExternalDisplay.framework/Versions/A/DSExternalDisplay
0x00007fff42c26000 	/System/Library/Frameworks/OpenGL.framework/Versions/A/Libraries/libCoreFSCache.dylib
0x00007fff3e362000 	/System/Library/Frameworks/MetalPerformanceShaders.framework/Frameworks/MPSCore.framework/Versions/A/MPSCore
0x00007fff3e3a0000 	/System/Library/Frameworks/MetalPerformanceShaders.framework/Frameworks/MPSImage.framework/Versions/A/MPSImage
0x00007fff3e467000 	/System/Library/Frameworks/MetalPerformanceShaders.framework/Frameworks/MPSNeuralNetwork.framework/Versions/A/MPSNeuralNetwork
0x00007fff3e42b000 	/System/Library/Frameworks/MetalPerformanceShaders.framework/Frameworks/MPSMatrix.framework/Versions/A/MPSMatrix
0x00007fff3e5c6000 	/System/Library/Frameworks/MetalPerformanceShaders.framework/Frameworks/MPSRayIntersector.framework/Versions/A/MPSRayIntersector
0x00007fff3e451000 	/System/Library/Frameworks/MetalPerformanceShaders.framework/Frameworks/MPSNDArray.framework/Versions/A/MPSNDArray
0x00007fff5f8db000 	/System/Library/PrivateFrameworks/MetalTools.framework/Versions/A/MetalTools
0x00007fff4b8cf000 	/System/Library/PrivateFrameworks/AggregateDictionary.framework/Versions/A/AggregateDictionary
0x00007fff50673000 	/System/Library/PrivateFrameworks/CoreAnalytics.framework/Versions/A/CoreAnalytics
0x00007fff4cbdc000 	/System/Library/PrivateFrameworks/AppleSauce.framework/Versions/A/AppleSauce
0x00007fff6fb59000 	/usr/lib/libIOReport.dylib
0x00007fff3ad16000 	/System/Library/Frameworks/CoreVideo.framework/Versions/A/CoreVideo
0x00007fff5b66c000 	/System/Library/PrivateFrameworks/GraphVisualizer.framework/Versions/A/GraphVisualizer
0x00007fff549bc000 	/System/Library/PrivateFrameworks/FaceCore.framework/Versions/A/FaceCore
0x00007fff4223c000 	/System/Library/Frameworks/OpenCL.framework/Versions/A/OpenCL
0x00007fff6f97b000 	/usr/lib/libFosl_dynamic.dylib
0x00007fff60ddd000 	/System/Library/PrivateFrameworks/OTSVG.framework/Versions/A/OTSVG
0x00007fff36ecb000 	/System/Library/Frameworks/ApplicationServices.framework/Versions/A/Frameworks/ATS.framework/Versions/A/Resources/libFontRegistry.dylib
0x00007fff55647000 	/System/Library/PrivateFrameworks/FontServices.framework/libhvf.dylib
0x00007fff42c31000 	/System/Library/Frameworks/OpenGL.framework/Versions/A/Libraries/libGFXShared.dylib
0x00007fff42e0f000 	/System/Library/Frameworks/OpenGL.framework/Versions/A/Libraries/libGLU.dylib
0x00007fff42c3a000 	/System/Library/Frameworks/OpenGL.framework/Versions/A/Libraries/libGL.dylib
0x00007fff42c45000 	/System/Library/Frameworks/OpenGL.framework/Versions/A/Libraries/libGLImage.dylib
0x00007fff42c23000 	/System/Library/Frameworks/OpenGL.framework/Versions/A/Libraries/libCVMSPluginSupport.dylib
0x00007fff42c2c000 	/System/Library/Frameworks/OpenGL.framework/Versions/A/Libraries/libCoreVMClient.dylib
0x00007fff715ed000 	/usr/lib/libncurses.5.4.dylib
0x00007fff36dc7000 	/System/Library/Frameworks/ApplicationServices.framework/Versions/A/Frameworks/ATS.framework/Versions/A/ATS
0x00007fff36f94000 	/System/Library/Frameworks/ApplicationServices.framework/Versions/A/Frameworks/ColorSyncLegacy.framework/Versions/A/ColorSyncLegacy
0x00007fff37032000 	/System/Library/Frameworks/ApplicationServices.framework/Versions/A/Frameworks/HIServices.framework/Versions/A/HIServices
0x00007fff3708a000 	/System/Library/Frameworks/ApplicationServices.framework/Versions/A/Frameworks/LangAnalysis.framework/Versions/A/LangAnalysis
0x00007fff37099000 	/System/Library/Frameworks/ApplicationServices.framework/Versions/A/Frameworks/PrintCore.framework/Versions/A/PrintCore
0x00007fff370df000 	/System/Library/Frameworks/ApplicationServices.framework/Versions/A/Frameworks/QD.framework/Versions/A/QD
0x00007fff370ea000 	/System/Library/Frameworks/ApplicationServices.framework/Versions/A/Frameworks/SpeechSynthesis.framework/Versions/A/SpeechSynthesis
0x00007fff36f64000 	/System/Library/Frameworks/ApplicationServices.framework/Versions/A/Frameworks/ATSUI.framework/Versions/A/ATSUI
0x00007fff70a31000 	/usr/lib/libcups.2.dylib
0x00007fff3d6b1000 	/System/Library/Frameworks/Kerberos.framework/Versions/A/Kerberos
0x00007fff3b7f2000 	/System/Library/Frameworks/GSS.framework/Versions/A/GSS
0x00007fff71d70000 	/usr/lib/libresolv.9.dylib
0x00007fff5b819000 	/System/Library/PrivateFrameworks/Heimdal.framework/Versions/A/Heimdal
0x00007fff3d6c4000 	/System/Library/Frameworks/Kerberos.framework/Versions/A/Libraries/libHeimdalProxy.dylib
0x00007fff70bd8000 	/usr/lib/libheimdal-asn1.dylib
0x00007fff4fb0b000 	/System/Library/PrivateFrameworks/CommonAuth.framework/Versions/A/CommonAuth
0x00007fff4cd5a000 	/System/Library/PrivateFrameworks/AssertionServices.framework/Versions/A/AssertionServices
0x00007fff4d8fd000 	/System/Library/PrivateFrameworks/AudioToolboxCore.framework/Versions/A/AudioToolboxCore
0x00007fff6c9f6000 	/System/Library/PrivateFrameworks/caulk.framework/Versions/A/caulk
0x00007fff4dec6000 	/System/Library/PrivateFrameworks/BaseBoard.framework/Versions/A/BaseBoard
0x00007fff65040000 	/System/Library/PrivateFrameworks/RunningBoardServices.framework/Versions/A/RunningBoardServices
0x00007fff62051000 	/System/Library/PrivateFrameworks/PersistentConnection.framework/Versions/A/PersistentConnection
0x00007fff64a39000 	/System/Library/PrivateFrameworks/ProtocolBuffer.framework/Versions/A/ProtocolBuffer
0x00007fff4fb2f000 	/System/Library/PrivateFrameworks/CommonUtilities.framework/Versions/A/CommonUtilities
0x00007fff4e054000 	/System/Library/PrivateFrameworks/Bom.framework/Versions/A/Bom
0x00007fff6f82c000 	/usr/lib/libAudioToolboxUtility.dylib
0x00007fff4de24000 	/System/Library/PrivateFrameworks/Backup.framework/Versions/A/Backup
0x00007fff52c01000 	/System/Library/PrivateFrameworks/CrashReporterSupport.framework/Versions/A/CrashReporterSupport
0x00007fff66ad2000 	/System/Library/PrivateFrameworks/Sharing.framework/Versions/A/Sharing
0x00007fff4c368000 	/System/Library/PrivateFrameworks/Apple80211.framework/Versions/A/Apple80211
0x00007fff4db41000 	/System/Library/PrivateFrameworks/AuthKit.framework/Versions/A/AuthKit
0x00007fff5290e000 	/System/Library/PrivateFrameworks/CoreUtils.framework/Versions/A/CoreUtils
0x00007fff3ad5b000 	/System/Library/Frameworks/CoreWLAN.framework/Versions/A/CoreWLAN
0x00007fff3b97f000 	/System/Library/Frameworks/IOBluetooth.framework/Versions/A/IOBluetooth
0x00007fff5fc0c000 	/System/Library/PrivateFrameworks/MobileKeyBag.framework/Versions/A/MobileKeyBag
0x00007fff51713000 	/System/Library/PrivateFrameworks/CorePhoneNumbers.framework/Versions/A/CorePhoneNumbers
0x00007fff4c758000 	/System/Library/PrivateFrameworks/AppleIDAuthSupport.framework/Versions/A/AppleIDAuthSupport
0x00007fff3f6b3000 	/System/Library/Frameworks/Network.framework/Versions/A/Network
0x00007fff5e2ae000 	/System/Library/PrivateFrameworks/KeychainCircle.framework/Versions/A/KeychainCircle
0x00007fff387ac000 	/System/Library/Frameworks/CoreBluetooth.framework/Versions/A/CoreBluetooth
0x00007fff68b51000 	/System/Library/PrivateFrameworks/SpeechRecognitionCore.framework/Versions/A/SpeechRecognitionCore
0x000000010e200000 	/Library/Java/JavaVirtualMachines/jdk-11.0.9.jdk/Contents/Home/lib/server/libjvm.dylib
0x000000010d4fd000 	/Library/Java/JavaVirtualMachines/jdk-11.0.9.jdk/Contents/Home/lib/libverify.dylib
0x000000010d50d000 	/Library/Java/JavaVirtualMachines/jdk-11.0.9.jdk/Contents/Home/lib/libjava.dylib
0x000000010d53a000 	/Library/Java/JavaVirtualMachines/jdk-11.0.9.jdk/Contents/Home/lib/libjimage.dylib
0x000000010d548000 	/Library/Java/JavaVirtualMachines/jdk-11.0.9.jdk/Contents/Home/lib/libjdwp.dylib
0x000000010d585000 	/Library/Java/JavaVirtualMachines/jdk-11.0.9.jdk/Contents/Home/lib/libinstrument.dylib
0x000000010d5dc000 	/Library/Java/JavaVirtualMachines/jdk-11.0.9.jdk/Contents/Home/lib/libzip.dylib
0x000000010f633000 	/Library/Java/JavaVirtualMachines/jdk-11.0.9.jdk/Contents/Home/lib/libdt_socket.dylib
0x000000010f63d000 	/Library/Java/JavaVirtualMachines/jdk-11.0.9.jdk/Contents/Home/lib/libnio.dylib
0x000000010f64f000 	/Library/Java/JavaVirtualMachines/jdk-11.0.9.jdk/Contents/Home/lib/libnet.dylib
0x000000010f669000 	/Library/Java/JavaVirtualMachines/jdk-11.0.9.jdk/Contents/Home/lib/libmanagement.dylib
0x000000010f673000 	/Library/Java/JavaVirtualMachines/jdk-11.0.9.jdk/Contents/Home/lib/libmanagement_ext.dylib
0x000000010f67e000 	/Library/Java/JavaVirtualMachines/jdk-11.0.9.jdk/Contents/Home/lib/libextnet.dylib
0x000000010f685000 	/Library/Java/JavaVirtualMachines/jdk-11.0.9.jdk/Contents/Home/lib/libsunec.dylib


VM Arguments:
jvm_args: -agentlib:jdwp=transport=dt_socket,suspend=y,address=localhost:58313 -javaagent:/Users/apple/eclipse/java-2020-09/Eclipse.app/Contents/Eclipse/configuration/org.eclipse.osgi/209/0/.cp/lib/javaagent-shaded.jar -Dfile.encoding=UTF-8 
java_command: com.techproed.apiToDeploy.ApiToDeployApplication
java_class_path (initial): /Users/apple/Downloads/eclipse-workspace/apiToDeploy/target/classes:/Users/apple/.m2/repository/org/springframework/boot/spring-boot-starter-data-jpa/2.4.2/spring-boot-starter-data-jpa-2.4.2.jar:/Users/apple/.m2/repository/org/springframework/boot/spring-boot-starter-aop/2.4.2/spring-boot-starter-aop-2.4.2.jar:/Users/apple/.m2/repository/org/aspectj/aspectjweaver/1.9.6/aspectjweaver-1.9.6.jar:/Users/apple/.m2/repository/org/springframework/boot/spring-boot-starter-jdbc/2.4.2/spring-boot-starter-jdbc-2.4.2.jar:/Users/apple/.m2/repository/com/zaxxer/HikariCP/3.4.5/HikariCP-3.4.5.jar:/Users/apple/.m2/repository/org/springframework/spring-jdbc/5.3.3/spring-jdbc-5.3.3.jar:/Users/apple/.m2/repository/jakarta/transaction/jakarta.transaction-api/1.3.3/jakarta.transaction-api-1.3.3.jar:/Users/apple/.m2/repository/jakarta/persistence/jakarta.persistence-api/2.2.3/jakarta.persistence-api-2.2.3.jar:/Users/apple/.m2/repository/org/hibernate/hibernate-core/5.4.27.Final/hibernate-core-5.4.27.Final.jar:/Users/apple/.m2/repository/org/jboss/logging/jboss-logging/3.4.1.Final/jboss-logging-3.4.1.Final.jar:/Users/apple/.m2/repository/org/javassist/javassist/3.27.0-GA/javassist-3.27.0-GA.jar:/Users/apple/.m2/repository/net/bytebuddy/byte-buddy/1.10.19/byte-buddy-1.10.19.jar:/Users/apple/.m2/repository/antlr/antlr/2.7.7/antlr-2.7.7.jar:/Users/apple/.m2/repository/org/jboss/jandex/2.1.3.Final/jandex-2.1.3.Final.jar:/Users/apple/.m2/repository/com/fasterxml/classmate/1.5.1/classmate-1.5.1.jar:/Users/apple/.m2/repository/org/dom4j/dom4j/2.1.3/dom4j-2.1.3.jar:/Users/apple/.m2/repository/org/hibernate/common/hibernate-commons-annotations/5.1.2.Final/hibernate-commons-annotations-5.1.2.Final.jar:/Users/apple/.m2/repository/org/glassfish/jaxb/jaxb-runtime/2.3.3/jaxb-runtime-2.3.3.jar:/Users/apple/.m2/repository/org/glassfish/jaxb/txw2/2.3.3/txw2-2.3.3.jar:/Users/apple/.m2/repository/com/sun/istack/istack-commons-runtime/3.0.11/istack-commons-runtime-3.0.11.jar:/User
Launcher Type: SUN_STANDARD

[Global flags]
     intx CICompilerCount                          = 3                                         {product} {ergonomic}
     uint ConcGCThreads                            = 2                                         {product} {ergonomic}
     uint G1ConcRefinementThreads                  = 6                                         {product} {ergonomic}
   size_t G1HeapRegionSize                         = 1048576                                   {product} {ergonomic}
    uintx GCDrainStackTargetSize                   = 64                                        {product} {ergonomic}
   size_t InitialHeapSize                          = 134217728                                 {product} {ergonomic}
   size_t MarkStackSize                            = 4194304                                   {product} {ergonomic}
   size_t MaxHeapSize                              = 2147483648                                {product} {ergonomic}
   size_t MaxNewSize                               = 1287651328                                {product} {ergonomic}
   size_t MinHeapDeltaBytes                        = 1048576                                   {product} {ergonomic}
    uintx NonNMethodCodeHeapSize                   = 5830732                                {pd product} {ergonomic}
    uintx NonProfiledCodeHeapSize                  = 122913754                              {pd product} {ergonomic}
    uintx ProfiledCodeHeapSize                     = 122913754                              {pd product} {ergonomic}
    uintx ReservedCodeCacheSize                    = 251658240                              {pd product} {ergonomic}
     bool SegmentedCodeCache                       = true                                      {product} {ergonomic}
     bool UseCompressedClassPointers               = true                                 {lp64_product} {ergonomic}
     bool UseCompressedOops                        = true                                 {lp64_product} {ergonomic}
     bool UseG1GC                                  = true                                      {product} {ergonomic}

Logging:
Log output configuration:
 #0: stdout all=warning uptime,level,tags
 #1: stderr all=off uptime,level,tags

Environment Variables:
PATH=/usr/bin:/bin:/usr/sbin:/sbin
SHELL=/bin/zsh

Signal Handlers:
SIGSEGV: [libjvm.dylib+0x794d6c], sa_mask[0]=11111111011111110111111111111111, sa_flags=SA_ONSTACK|SA_RESTART|SA_SIGINFO
SIGBUS: [libjvm.dylib+0x794d6c], sa_mask[0]=11111111011111110111111111111111, sa_flags=SA_RESTART|SA_SIGINFO
SIGFPE: [libjvm.dylib+0x794d6c], sa_mask[0]=11111111011111110111111111111111, sa_flags=SA_RESTART|SA_SIGINFO
SIGPIPE: [libjvm.dylib+0x6457fb], sa_mask[0]=11111111011111110111111111111111, sa_flags=SA_RESTART|SA_SIGINFO
SIGXFSZ: [libjvm.dylib+0x6457fb], sa_mask[0]=11111111011111110111111111111111, sa_flags=SA_RESTART|SA_SIGINFO
SIGILL: [libjvm.dylib+0x794d6c], sa_mask[0]=11111111011111110111111111111111, sa_flags=SA_RESTART|SA_SIGINFO
SIGUSR2: [libjvm.dylib+0x645de5], sa_mask[0]=00100000000000000000000000000000, sa_flags=SA_RESTART|SA_SIGINFO
SIGHUP: [libjvm.dylib+0x644843], sa_mask[0]=11111111011111110111111111111111, sa_flags=SA_RESTART|SA_SIGINFO
SIGINT: [libjvm.dylib+0x644843], sa_mask[0]=11111111011111110111111111111111, sa_flags=SA_RESTART|SA_SIGINFO
SIGTERM: [libjvm.dylib+0x644843], sa_mask[0]=11111111011111110111111111111111, sa_flags=SA_RESTART|SA_SIGINFO
SIGQUIT: [libjvm.dylib+0x644843], sa_mask[0]=11111111011111110111111111111111, sa_flags=SA_RESTART|SA_SIGINFO


---------------  S Y S T E M  ---------------

OS:uname:Darwin 19.6.0 Darwin Kernel Version 19.6.0: Thu Oct 29 22:56:45 PDT 2020; root:xnu-6153.141.2.2~1/RELEASE_X86_64 x86_64
rlimit: STACK 8192k, CORE 0k, NPROC 1392, NOFILE 10240, AS infinity, DATA infinity, FSIZE infinity
load average:3.51 3.19 3.17

CPU:total 6 (initial active 6) (6 cores per cpu, 1 threads per core) family 6 model 158 stepping 10, cmov, cx8, fxsr, mmx, sse, sse2, sse3, ssse3, sse4.1, sse4.2, popcnt, avx, avx2, aes, clmul, erms, rtm, 3dnowpref, lzcnt, tsc, tscinvbit, bmi1, bmi2, adx, fma

Memory: 4k page, physical 8388608k(71880k free)

vm_info: Java HotSpot(TM) 64-Bit Server VM (11.0.9+7-LTS) for bsd-amd64 JRE (11.0.9+7-LTS), built on Sep 15 2020 15:57:40 by "mach5one" with gcc 4.2.1 Compatible Apple LLVM 10.0.0 (clang-1000.11.45.5)

END.
